<testsuites id="" name="" tests="3" failures="0" skipped="0" errors="0" time="5.488734999999999">
<testsuite name="example.spec.js" timestamp="2024-11-16T02:04:14.573Z" hostname="chromium" tests="3" failures="0" skipped="0" time="12.782" errors="0">
<testcase name="user rides › user should be able to ride" classname="example.spec.js" time="4.078">
</testcase>
<testcase name="user rides › user above height should not be allowed" classname="example.spec.js" time="4.403">
</testcase>
<testcase name="user rides › user with minimum height should be allowed" classname="example.spec.js" time="4.301">
</testcase>
</testsuite>
</testsuites>